<?xml version="1.0" encoding="UTF-8"?>
<!-- Generated by org.testng.reporters.JUnitReportReporter -->
<testsuite hostname="LTIN511599" failures="0" tests="3" name="TestCases.TC_01_Firstpage" time="19.143" errors="0" timestamp="2024-02-28T22:52:35 IST" skipped="0">
  <testcase classname="TestCases.TC_01_Firstpage" name="Webdevinput" time="7.534"/>
  <system-out/>
  <testcase classname="TestCases.TC_01_Firstpage" name="filterResult" time="3.538"/>
  <system-out/>
  <testcase classname="TestCases.TC_01_Firstpage" name="fetchCourseDetails" time="8.071"/>
  <system-out/>
</testsuite> <!-- TestCases.TC_01_Firstpage -->
