<?xml version="1.0" encoding="UTF-8"?>
<!-- Generated by org.testng.reporters.JUnitReportReporter -->
<testsuite hostname="LTIN511599" failures="0" tests="3" name="TestCases.TC_02_errorcapture" time="12.438" errors="0" timestamp="2024-02-28T22:52:35 IST" skipped="0">
  <testcase classname="TestCases.TC_02_errorcapture" name="fillForm" time="12.302"/>
  <system-out/>
  <testcase classname="TestCases.TC_02_errorcapture" name="submit" time="0.107"/>
  <system-out/>
  <testcase classname="TestCases.TC_02_errorcapture" name="printErrorMessage" time="0.029"/>
  <system-out/>
</testsuite> <!-- TestCases.TC_02_errorcapture -->
